<?xml version="1.0" encoding="UTF-8"?>
<!-- Generated by org.testng.reporters.JUnitReportReporter -->
<testsuite skipped="0" hostname="NITHIS" name="Selenium.ExtendReport" tests="3" failures="0" timestamp="2021-07-08T17:12:54 IST" time="32.881" errors="0">
  <testcase name="openGoogle" time="11.509" classname="Selenium.ExtendReport"/>
  <system-out/>
  <testcase name="openBing" time="6.907" classname="Selenium.ExtendReport"/>
  <system-out/>
  <testcase name="openWiki" time="14.465" classname="Selenium.ExtendReport"/>
  <system-out/>
</testsuite> <!-- Selenium.ExtendReport -->
